<?xml version="1.0" encoding="UTF-8"?>
<!-- Generated by org.testng.reporters.JUnitReportReporter -->
<testsuite hostname="Vladimir-HP" name="com.example.tests.GroupRemovalTests" tests="1" failures="0" timestamp="19 Oct 2015 10:27:22 GMT" time="1.788" errors="0">
  <testcase name="deleteSomeGroup" time="1.788" classname="com.example.tests.GroupRemovalTests"/>
</testsuite> <!-- com.example.tests.GroupRemovalTests -->
