<?xml version="1.0" encoding="UTF-8"?>
<!-- Generated by org.testng.reporters.JUnitReportReporter -->
<testsuite hostname="Vladimir-HP" name="com.example.tests.TestOfContactCreation" tests="4" failures="0" timestamp="30 Nov 2015 20:02:16 GMT" time="10.321" errors="0">
  <testcase name="contactCreationWithValidData" time="1.986" classname="com.example.tests.TestOfContactCreation"/>
  <testcase name="deleteAllContacts" time="4.423" classname="com.example.tests.TestOfContactCreation"/>
  <testcase name="contactCreationWithValidData" time="1.938" classname="com.example.tests.TestOfContactCreation"/>
  <testcase name="contactCreationWithValidData" time="1.974" classname="com.example.tests.TestOfContactCreation"/>
</testsuite> <!-- com.example.tests.TestOfContactCreation -->
