<?xml version="1.0" encoding="UTF-8"?>
<!-- Generated by org.testng.reporters.JUnitReportReporter -->
<testsuite hostname="Vladimir-HP" name="com.example.tests.GroupModificationTests" tests="1" failures="0" timestamp="19 Oct 2015 10:26:04 GMT" time="3.984" errors="0">
  <testcase name="modifySomeGroup" time="3.984" classname="com.example.tests.GroupModificationTests"/>
</testsuite> <!-- com.example.tests.GroupModificationTests -->
