<?xml version="1.0" encoding="UTF-8"?>
<!-- Generated by org.testng.reporters.JUnitReportReporter -->
<testsuite hostname="Vladimir-HP" name="com.example.tests.TestOfContactRemoval" tests="1" failures="0" timestamp="30 Nov 2015 20:02:16 GMT" time="1.048" errors="0">
  <testcase name="deleteSomeContact" time="1.048" classname="com.example.tests.TestOfContactRemoval"/>
</testsuite> <!-- com.example.tests.TestOfContactRemoval -->
