<?xml version="1.0" encoding="UTF-8"?>
<!-- Generated by org.testng.reporters.JUnitReportReporter -->
<testsuite hostname="Vladimir-HP" name="com.example.tests.TestGroupCreation" tests="1" failures="0" timestamp="11 Oct 2015 07:43:39 GMT" time="4.348" errors="0">
  <testcase name="testUntitled" time="4.348" classname="com.example.tests.TestGroupCreation"/>
</testsuite> <!-- com.example.tests.TestGroupCreation -->
