<?xml version="1.0" encoding="UTF-8"?>
<!-- Generated by org.testng.reporters.JUnitReportReporter -->
<testsuite hostname="Vladimir-HP" name="com.example.tests.TestOfContactModification" tests="3" failures="0" timestamp="30 Nov 2015 20:45:27 GMT" time="8.949" errors="0">
  <testcase name="modifySomeContact" time="1.957" classname="com.example.tests.TestOfContactModification"/>
  <testcase name="modifySomeContact" time="5.027" classname="com.example.tests.TestOfContactModification"/>
  <testcase name="modifySomeContact" time="1.965" classname="com.example.tests.TestOfContactModification"/>
</testsuite> <!-- com.example.tests.TestOfContactModification -->
