<?xml version="1.0" encoding="UTF-8"?>
<!-- Generated by org.testng.reporters.JUnitReportReporter -->
<testsuite hostname="Vladimir-HP" name="com.example.tests.TestOfContactRemoval" tests="1" failures="0" timestamp="20 Nov 2015 08:34:05 GMT" time="3.793" errors="0">
  <testcase name="deleteSomeContact" time="3.793" classname="com.example.tests.TestOfContactRemoval"/>
</testsuite> <!-- com.example.tests.TestOfContactRemoval -->
