<?xml version="1.0" encoding="UTF-8"?>
<!-- Generated by org.testng.reporters.JUnitReportReporter -->
<testsuite hostname="Vladimir-HP" name="com.example.tests.TestOfContactCreation" tests="3" failures="0" timestamp="20 Nov 2015 08:34:05 GMT" time="21.255" errors="0">
  <testcase name="contactCreationWithValidData" time="4.073" classname="com.example.tests.TestOfContactCreation"/>
  <testcase name="contactCreationWithValidData" time="13.219" classname="com.example.tests.TestOfContactCreation"/>
  <testcase name="deleteAllContacts" time="3.963" classname="com.example.tests.TestOfContactCreation"/>
</testsuite> <!-- com.example.tests.TestOfContactCreation -->
