<?xml version="1.0" encoding="UTF-8"?>
<!-- Generated by org.testng.reporters.JUnitReportReporter -->
<testsuite hostname="Vladimir-HP" name="com.example.tests.TestOfContactModification" tests="2" failures="0" timestamp="20 Nov 2015 08:34:04 GMT" time="8.284" errors="0">
  <testcase name="modifySomeContact" time="4.116" classname="com.example.tests.TestOfContactModification"/>
  <testcase name="modifySomeContact" time="4.168" classname="com.example.tests.TestOfContactModification"/>
</testsuite> <!-- com.example.tests.TestOfContactModification -->
