<?xml version="1.0" encoding="UTF-8"?>
<!-- Generated by org.testng.reporters.JUnitReportReporter -->
<testsuite hostname="Vladimir-HP" name="com.example.tests.TestOfGroupRemoval" tests="1" failures="0" timestamp="20 Nov 2015 08:34:04 GMT" time="3.528" errors="0">
  <testcase name="deleteSomeGroup" time="3.528" classname="com.example.tests.TestOfGroupRemoval"/>
</testsuite> <!-- com.example.tests.TestOfGroupRemoval -->
