<?xml version="1.0" encoding="UTF-8"?>
<!-- Generated by org.testng.reporters.JUnitReportReporter -->
<testsuite hostname="Vladimir-HP" name="com.example.tests.TestOfGroupCreation" tests="3" failures="0" timestamp="20 Nov 2015 08:34:05 GMT" time="11.239" errors="0">
  <testcase name="testGroupCreationWithValidData" time="3.939" classname="com.example.tests.TestOfGroupCreation"/>
  <testcase name="testGroupCreationWithValidData" time="3.957" classname="com.example.tests.TestOfGroupCreation"/>
  <testcase name="deleteAllGroups" time="3.343" classname="com.example.tests.TestOfGroupCreation"/>
</testsuite> <!-- com.example.tests.TestOfGroupCreation -->
