<?xml version="1.0" encoding="UTF-8"?>
<!-- Generated by org.testng.reporters.JUnitReportReporter -->
<testsuite hostname="Vladimir-HP" name="com.example.tests.TestOfGroupModification" tests="2" failures="0" timestamp="20 Nov 2015 08:34:04 GMT" time="8.033" errors="0">
  <testcase name="modifySomeGroup" time="4.073" classname="com.example.tests.TestOfGroupModification"/>
  <testcase name="modifySomeGroup" time="3.960" classname="com.example.tests.TestOfGroupModification"/>
</testsuite> <!-- com.example.tests.TestOfGroupModification -->
